# vsim -suppress 12110 -coverage -l cnt_ctrl_chk.log -c testbench -voptargs="+cover=bcesft" -assertdebug -do "coverage save -onexit cnt_ctrl_chk.ucdb; log -r /*;run -all" 
# Start time: 23:16:09 on Jun 20,2026
# ** Warning: (vsim-8891) All optimizations are disabled because the -novopt option is in effect. This will cause your simulation to run very slowly. If you are using this switch to preserve visibility for Debug or PLI features, please see the User's Manual section on Preserving Object Visibility with vopt. -novopt option is now deprecated and will be removed in future releases.
# //  Questa Sim-64
# //  Version 10.7c win64 Aug 18 2018
# //
# //  Copyright 1991-2018 Mentor Graphics Corporation
# //  All Rights Reserved.
# //
# //  QuestaSim and its associated documentation contain trade
# //  secrets and commercial or financial information that are the property of
# //  Mentor Graphics Corporation and are privileged, confidential,
# //  and exempt from disclosure under the Freedom of Information Act,
# //  5 U.S.C. Section 552. Furthermore, this information
# //  is prohibited from disclosure under the Trade Secrets Act,
# //  18 U.S.C. Section 1905.
# //
# Loading work.testbench
# Loading work.timer_top
# Loading work.apbSlave
# Loading work.TCR
# Loading work.ControlCounter
# Loading work.Counter64b
# Loading work.TCMP0
# Loading work.TCMP1
# Loading work.Interrupt
# Loading work.THCSR
# coverage save -onexit cnt_ctrl_chk.ucdb
#  log -r /*
# run -all
# TEST 1
# Write to addr = 000, data = 00000001, strb = 1111
# PASS TEST 1
# COMPLETE RESET ALL THE SYSTEM
# TEST 2
# Write to addr = 000, data = 00000003, strb = 1111
# PASS TEST 2a
# COMPLETE RESET ALL THE SYSTEM
# Write to addr = 000, data = 00000002, strb = 1111
# PASS test 2b
# COMPLETE RESET ALL THE SYSTEM
# Write to addr = 000, data = 00000501, strb = 1111
# PASS TEST 2c
# COMPLETE RESET ALL THE SYSTEM
# TEST 3
# Write to addr = 000, data = 00000203, strb = 1111
# PASS TEST 3a
# COMPLETE RESET ALL THE SYSTEM
# Write to addr = 000, data = 00000803, strb = 1111
# PASS TEST 3b
# COMPLETE RESET ALL THE SYSTEM
# Write to addr = 000, data = 00000002, strb = 1111
# Read from addr = 000, value = 00000002
# PASS                  TCR: read 00000002 as expected
# COMPLETE RESET ALL THE SYSTEM
# Write to addr = 000, data = 00000f00, strb = 1111
# Write violation at addr: 000
# Read from addr = 000, value = 00000100
# PASS                  TCR: read 00000100 as expected
# Write to addr = 000, data = 00000800, strb = 1111
# Read from addr = 000, value = 00000800
# PASS                  TCR: read 00000800 as expected
# Write to addr = 000, data = 00000402, strb = 1111
# Read from addr = 000, value = 00000402
# PASS                  TCR: read 00000402 as expected
# COMPLETE RESET ALL THE SYSTEM
# Write to addr = 000, data = 00000003, strb = 1111
# COMPLETE RESET ALL THE SYSTEM
# Write to addr = 000, data = 00000103, strb = 1111
# COMPLETE RESET ALL THE SYSTEM
# Write to addr = 000, data = 00000203, strb = 1111
# COMPLETE RESET ALL THE SYSTEM
# Write to addr = 000, data = 00000303, strb = 1111
# COMPLETE RESET ALL THE SYSTEM
# Write to addr = 000, data = 00000403, strb = 1111
# COMPLETE RESET ALL THE SYSTEM
# Write to addr = 000, data = 00000503, strb = 1111
# COMPLETE RESET ALL THE SYSTEM
# Write to addr = 000, data = 00000603, strb = 1111
# COMPLETE RESET ALL THE SYSTEM
# Write to addr = 000, data = 00000703, strb = 1111
# COMPLETE RESET ALL THE SYSTEM
# Write to addr = 000, data = 00000803, strb = 1111
# COMPLETE RESET ALL THE SYSTEM
# COMPLETE RESET ALL THE SYSTEM
# tim_pwrite = 0
# ** Note: $finish    : ../tb/testbench.v(51)
#    Time: 8204315 ns  Iteration: 0  Instance: /testbench
# Saving coverage database on exit...
# End time: 23:16:12 on Jun 20,2026, Elapsed time: 0:00:03
# Errors: 0, Warnings: 1
