# vsim -suppress 12110 -coverage -l reg_int_chk.log -c testbench -voptargs="+cover=bcesft" -assertdebug -do "coverage save -onexit reg_int_chk.ucdb; log -r /*;run -all" 
# Start time: 23:16:25 on Jun 20,2026
# ** Warning: (vsim-8891) All optimizations are disabled because the -novopt option is in effect. This will cause your simulation to run very slowly. If you are using this switch to preserve visibility for Debug or PLI features, please see the User's Manual section on Preserving Object Visibility with vopt. -novopt option is now deprecated and will be removed in future releases.
# //  Questa Sim-64
# //  Version 10.7c win64 Aug 18 2018
# //
# //  Copyright 1991-2018 Mentor Graphics Corporation
# //  All Rights Reserved.
# //
# //  QuestaSim and its associated documentation contain trade
# //  secrets and commercial or financial information that are the property of
# //  Mentor Graphics Corporation and are privileged, confidential,
# //  and exempt from disclosure under the Freedom of Information Act,
# //  5 U.S.C. Section 552. Furthermore, this information
# //  is prohibited from disclosure under the Trade Secrets Act,
# //  18 U.S.C. Section 1905.
# //
# Loading work.testbench
# Loading work.timer_top
# Loading work.apbSlave
# Loading work.TCR
# Loading work.ControlCounter
# Loading work.Counter64b
# Loading work.TCMP0
# Loading work.TCMP1
# Loading work.Interrupt
# Loading work.THCSR
# coverage save -onexit reg_int_chk.ucdb
#  log -r /*
# run -all
# Read from addr = 000, value = 00000100
# PASS TCR initial state
# Read from addr = 004, value = 00000000
# PASS TDR0 initial state
# Read from addr = 008, value = 00000000
# PASS TDR1 initial state
# Read from addr = 00c, value = ffffffff
# PASS TCMP0 initial state
# Read from addr = 010, value = ffffffff
# PASS TCMP1 initial state
# Read from addr = 014, value = 00000000
# PASS TIER initial state
# Read from addr = 018, value = 00000000
# PASS TISR initial state
# Read from addr = 01c, value = 00000000
# PASS THCSR initial state
# tim_pwrite = 0
# ** Note: $finish    : ../tb/testbench.v(51)
#    Time: 1416 ns  Iteration: 0  Instance: /testbench
# Saving coverage database on exit...
# End time: 23:16:26 on Jun 20,2026, Elapsed time: 0:00:01
# Errors: 0, Warnings: 1
