# vsim -suppress 12110 -coverage -l reg_byte_access.log -c testbench -voptargs="+cover=bcesft" -assertdebug -do "coverage save -onexit reg_byte_access.ucdb; log -r /*;run -all" 
# Start time: 23:16:20 on Jun 20,2026
# ** Warning: (vsim-8891) All optimizations are disabled because the -novopt option is in effect. This will cause your simulation to run very slowly. If you are using this switch to preserve visibility for Debug or PLI features, please see the User's Manual section on Preserving Object Visibility with vopt. -novopt option is now deprecated and will be removed in future releases.
# //  Questa Sim-64
# //  Version 10.7c win64 Aug 18 2018
# //
# //  Copyright 1991-2018 Mentor Graphics Corporation
# //  All Rights Reserved.
# //
# //  QuestaSim and its associated documentation contain trade
# //  secrets and commercial or financial information that are the property of
# //  Mentor Graphics Corporation and are privileged, confidential,
# //  and exempt from disclosure under the Freedom of Information Act,
# //  5 U.S.C. Section 552. Furthermore, this information
# //  is prohibited from disclosure under the Trade Secrets Act,
# //  18 U.S.C. Section 1905.
# //
# Loading work.testbench
# Loading work.timer_top
# Loading work.apbSlave
# Loading work.TCR
# Loading work.ControlCounter
# Loading work.Counter64b
# Loading work.TCMP0
# Loading work.TCMP1
# Loading work.Interrupt
# Loading work.THCSR
# coverage save -onexit reg_byte_access.ucdb
#  log -r /*
# run -all
# Write to addr = 000, data = 55555555, strb = 0001
# Read from addr = 000, value = 00000101
# PASS           TCR byte 0: read 00000101 as expected
# COMPLETE RESET ALL THE SYSTEM
# Write to addr = 000, data = 55555555, strb = 0010
# Read from addr = 000, value = 00000500
# PASS           TCR byte 1: read 00000500 as expected
# COMPLETE RESET ALL THE SYSTEM
# Write to addr = 000, data = 55555555, strb = 0100
# Read from addr = 000, value = 00000100
# PASS           TCR byte 2: read 00000100 as expected
# COMPLETE RESET ALL THE SYSTEM
# Write to addr = 000, data = 55555555, strb = 1000
# Read from addr = 000, value = 00000100
# PASS           TCR byte 3: read 00000100 as expected
# COMPLETE RESET ALL THE SYSTEM
# ------------------------------------
# Write to addr = 004, data = 55555555, strb = 0001
# Read from addr = 004, value = 00000055
# PASS          TDR0 byte 0: read 00000055 as expected
# COMPLETE RESET ALL THE SYSTEM
# Write to addr = 004, data = 55555555, strb = 0010
# Read from addr = 004, value = 00005500
# PASS          TDR0 byte 1: read 00005500 as expected
# COMPLETE RESET ALL THE SYSTEM
# Write to addr = 004, data = 55555555, strb = 0100
# Read from addr = 004, value = 00550000
# PASS          TDR0 byte 2: read 00550000 as expected
# COMPLETE RESET ALL THE SYSTEM
# Write to addr = 004, data = 55555555, strb = 1000
# Read from addr = 004, value = 55000000
# PASS          TDR0 byte 3: read 55000000 as expected
# COMPLETE RESET ALL THE SYSTEM
# ------------------------------------
# Write to addr = 008, data = 55555555, strb = 0001
# Read from addr = 008, value = 00000055
# PASS          TDR1 byte 0: read 00000055 as expected
# COMPLETE RESET ALL THE SYSTEM
# Write to addr = 008, data = 55555555, strb = 0010
# Read from addr = 008, value = 00005500
# PASS          TDR1 byte 1: read 00005500 as expected
# COMPLETE RESET ALL THE SYSTEM
# Write to addr = 008, data = 55555555, strb = 0100
# Read from addr = 008, value = 00550000
# PASS          TDR1 byte 2: read 00550000 as expected
# COMPLETE RESET ALL THE SYSTEM
# Write to addr = 008, data = 55555555, strb = 1000
# Read from addr = 008, value = 55000000
# PASS          TDR1 byte 3: read 55000000 as expected
# COMPLETE RESET ALL THE SYSTEM
# ------------------------------------
# Write to addr = 00c, data = 55555555, strb = 0001
# Read from addr = 00c, value = ffffff55
# PASS         TCMP0 byte 0: read ffffff55 as expected
# COMPLETE RESET ALL THE SYSTEM
# Write to addr = 00c, data = 55555555, strb = 0010
# Read from addr = 00c, value = ffff55ff
# PASS         TCMP0 byte 1: read ffff55ff as expected
# COMPLETE RESET ALL THE SYSTEM
# Write to addr = 00c, data = 55555555, strb = 0100
# Read from addr = 00c, value = ff55ffff
# PASS         TCMP0 byte 2: read ff55ffff as expected
# COMPLETE RESET ALL THE SYSTEM
# Write to addr = 00c, data = 55555555, strb = 1000
# Read from addr = 00c, value = 55ffffff
# PASS         TCMP0 byte 3: read 55ffffff as expected
# COMPLETE RESET ALL THE SYSTEM
# ------------------------------------
# Write to addr = 010, data = 55555555, strb = 0001
# Read from addr = 010, value = ffffff55
# PASS         TCMP1 byte 0: read ffffff55 as expected
# COMPLETE RESET ALL THE SYSTEM
# Write to addr = 010, data = 55555555, strb = 0010
# Read from addr = 010, value = ffff55ff
# PASS         TCMP1 byte 1: read ffff55ff as expected
# COMPLETE RESET ALL THE SYSTEM
# Write to addr = 010, data = 55555555, strb = 0100
# Read from addr = 010, value = ff55ffff
# PASS         TCMP1 byte 2: read ff55ffff as expected
# COMPLETE RESET ALL THE SYSTEM
# Write to addr = 010, data = 55555555, strb = 1000
# Read from addr = 010, value = 55ffffff
# PASS         TCMP1 byte 3: read 55ffffff as expected
# COMPLETE RESET ALL THE SYSTEM
# ------------------------------------
# Write to addr = 014, data = 55555555, strb = 0001
# Read from addr = 014, value = 00000001
# PASS          TIER byte 0: read 00000001 as expected
# COMPLETE RESET ALL THE SYSTEM
# Write to addr = 014, data = 55555555, strb = 0010
# Read from addr = 014, value = 00000000
# PASS          TIER byte 1: read 00000000 as expected
# COMPLETE RESET ALL THE SYSTEM
# Write to addr = 014, data = 55555555, strb = 0100
# Read from addr = 014, value = 00000000
# PASS          TIER byte 2: read 00000000 as expected
# COMPLETE RESET ALL THE SYSTEM
# Write to addr = 014, data = 55555555, strb = 1000
# Read from addr = 014, value = 00000000
# PASS          TIER byte 3: read 00000000 as expected
# COMPLETE RESET ALL THE SYSTEM
# ------------------------------------
# Write to addr = 018, data = 55555555, strb = 0001
# Read from addr = 018, value = 00000000
# PASS          TISR byte 0: read 00000000 as expected
# COMPLETE RESET ALL THE SYSTEM
# Write to addr = 018, data = 55555555, strb = 0010
# Read from addr = 018, value = 00000000
# PASS          TISR byte 1: read 00000000 as expected
# COMPLETE RESET ALL THE SYSTEM
# Write to addr = 018, data = 55555555, strb = 0100
# Read from addr = 018, value = 00000000
# PASS          TISR byte 2: read 00000000 as expected
# COMPLETE RESET ALL THE SYSTEM
# Write to addr = 018, data = 55555555, strb = 1000
# Read from addr = 018, value = 00000000
# PASS          TISR byte 3: read 00000000 as expected
# COMPLETE RESET ALL THE SYSTEM
# ------------------------------------
# Write to addr = 01c, data = 55555555, strb = 0001
# Read from addr = 01c, value = 00000001
# PASS         THCSR byte 0: read 00000001 as expected
# COMPLETE RESET ALL THE SYSTEM
# Write to addr = 01c, data = 55555555, strb = 0010
# Read from addr = 01c, value = 00000000
# PASS         THCSR byte 1: read 00000000 as expected
# COMPLETE RESET ALL THE SYSTEM
# Write to addr = 01c, data = 55555555, strb = 0100
# Read from addr = 01c, value = 00000000
# PASS         THCSR byte 2: read 00000000 as expected
# COMPLETE RESET ALL THE SYSTEM
# Write to addr = 01c, data = 55555555, strb = 1000
# Read from addr = 01c, value = 00000000
# PASS         THCSR byte 3: read 00000000 as expected
# COMPLETE RESET ALL THE SYSTEM
# ------------------------------------
# tim_pwrite = 0
# ** Note: $finish    : ../tb/testbench.v(51)
#    Time: 5895 ns  Iteration: 0  Instance: /testbench
# Saving coverage database on exit...
# End time: 23:16:21 on Jun 20,2026, Elapsed time: 0:00:01
# Errors: 0, Warnings: 1
