|-----------------------------------------------------------------------------------------------|
| PAT_NAME                                | RUN_DATE                      | RESULT              |
|-----------------------------------------------------------------------------------------------|
| reg_init_chk                            | 09:12:14 Jun 21 2026          | PASSED             |
|-----------------------------------------------------------------------------------------------|
| reg_rw_chk                              | 09:12:17 Jun 21 2026          | PASSED             |
|-----------------------------------------------------------------------------------------------|
| reg_reserved_chk                        | 09:12:19 Jun 21 2026          | PASSED             |
|-----------------------------------------------------------------------------------------------|
| reg_1hot_chk                            | 09:12:21 Jun 21 2026          | PASSED             |
|-----------------------------------------------------------------------------------------------|
| reg_byte_access                         | 09:12:23 Jun 21 2026          | PASSED             |
|-----------------------------------------------------------------------------------------------|
| cnt_ctrl_chk                            | 09:12:27 Jun 21 2026          | PASSED             |
|-----------------------------------------------------------------------------------------------|
| apb_protocol_chk                        | 09:12:29 Jun 21 2026          | PASSED             |
|-----------------------------------------------------------------------------------------------|
| apb_multiple_access                     | 09:12:31 Jun 21 2026          | PASSED             |
|-----------------------------------------------------------------------------------------------|
| apb_unaligned_chk                       | 09:12:33 Jun 21 2026          | PASSED             |
|-----------------------------------------------------------------------------------------------|
| cnt_counting_chk                        | 09:12:35 Jun 21 2026          | PASSED             |
|-----------------------------------------------------------------------------------------------|
| interrupt_chk                           | 09:12:38 Jun 21 2026          | PASSED             |
|-----------------------------------------------------------------------------------------------|
| cnt_halt_chk                            | 09:12:42 Jun 21 2026          | PASSED             |
|-----------------------------------------------------------------------------------------------|
| apb_pslverr_chk                         | 09:12:44 Jun 21 2026          | PASSED             |
|-----------------------------------------------------------------------------------------------|
TOTAL/PASSED/REMAIN:13/0/13
