# vsim -suppress 12110 -debugDB -l apb_unaligned_chk.log -voptargs="+access" -assertdebug -c test_bench -do "log -r /*;run -all;" 
# Start time: 09:12:33 on Jun 21,2026
# ** Warning: (vsim-8891) All optimizations are disabled because the -novopt option is in effect. This will cause your simulation to run very slowly. If you are using this switch to preserve visibility for Debug or PLI features, please see the User's Manual section on Preserving Object Visibility with vopt. -novopt option is now deprecated and will be removed in future releases.
# //  Questa Sim-64
# //  Version 10.7c win64 Aug 18 2018
# //
# //  Copyright 1991-2018 Mentor Graphics Corporation
# //  All Rights Reserved.
# //
# //  QuestaSim and its associated documentation contain trade
# //  secrets and commercial or financial information that are the property of
# //  Mentor Graphics Corporation and are privileged, confidential,
# //  and exempt from disclosure under the Freedom of Information Act,
# //  5 U.S.C. Section 552. Furthermore, this information
# //  is prohibited from disclosure under the Trade Secrets Act,
# //  18 U.S.C. Section 1905.
# //
# Loading work.test_bench
# Loading work.timer_top
# Loading work.apbSlave
# Loading work.TCR
# Loading work.ControlCounter
# Loading work.Counter64b
# Loading work.TCMP0
# Loading work.TCMP1
# Loading work.Interrupt
# Loading work.THCSR
# Loading work.mod_golden_cnt
# ** Note: (vsim-8900) Creating design debug database vsim.dbg.
# It appears vopt was not run with -debugdb option on this design.
# Advanced Causality and Schematic debug features will not be available.
# log -r /*
# run -all
# =====================================
# === Test Case: APB Un-aligned Test===
# =====================================
# t=       100 [TB_WRITE]: addr=00000004 data=33333333
# t=       475 [TB_READ]: addr=00000004 rdata=33333333
# ------------------------------------------------
# t=       475 PASS: rdata = 33333333 at addr 00000004 is correct
# ------------------------------------------------
# un-aligned: offset 0x1
# t=       475 [TB_WRITE]: addr=00000005 data=44444444
# t=       875 [TB_READ]: addr=00000005 rdata=00000000
# ------------------------------------------------
# t=       875 PASS: rdata = 00000000 at addr 00000005 is correct
# ------------------------------------------------
# t=      1075 [TB_READ]: addr=00000004 rdata=33333333
# ------------------------------------------------
# t=      1075 PASS: rdata = 33333333 at addr 00000004 is correct
# ------------------------------------------------
# un-aligned: offset 0x2
# t=      1075 [TB_WRITE]: addr=00000006 data=44444444
# t=      1475 [TB_READ]: addr=00000006 rdata=00000000
# ------------------------------------------------
# t=      1475 PASS: rdata = 00000000 at addr 00000006 is correct
# ------------------------------------------------
# t=      1675 [TB_READ]: addr=00000004 rdata=33333333
# ------------------------------------------------
# t=      1675 PASS: rdata = 33333333 at addr 00000004 is correct
# ------------------------------------------------
# un-aligned: offset 0x3
# t=      1675 [TB_WRITE]: addr=00000006 data=44444444
# t=      2075 [TB_READ]: addr=00000007 rdata=00000000
# ------------------------------------------------
# t=      2075 PASS: rdata = 00000000 at addr 00000007 is correct
# ------------------------------------------------
# t=      2275 [TB_READ]: addr=00000004 rdata=33333333
# ------------------------------------------------
# t=      2275 PASS: rdata = 33333333 at addr 00000004 is correct
# ------------------------------------------------
# Test_result PASSED
# ** Note: $finish    : ../tb/test_bench.v(94)
#    Time: 2375 ns  Iteration: 0  Instance: /test_bench
# End time: 09:12:33 on Jun 21,2026, Elapsed time: 0:00:00
# Errors: 0, Warnings: 1
