# vsim -suppress 12110 -debugDB -l reg_init_chk.log -voptargs="+access" -assertdebug -c test_bench -do "log -r /*;run -all;" 
# Start time: 09:12:14 on Jun 21,2026
# ** Warning: (vsim-8891) All optimizations are disabled because the -novopt option is in effect. This will cause your simulation to run very slowly. If you are using this switch to preserve visibility for Debug or PLI features, please see the User's Manual section on Preserving Object Visibility with vopt. -novopt option is now deprecated and will be removed in future releases.
# //  Questa Sim-64
# //  Version 10.7c win64 Aug 18 2018
# //
# //  Copyright 1991-2018 Mentor Graphics Corporation
# //  All Rights Reserved.
# //
# //  QuestaSim and its associated documentation contain trade
# //  secrets and commercial or financial information that are the property of
# //  Mentor Graphics Corporation and are privileged, confidential,
# //  and exempt from disclosure under the Freedom of Information Act,
# //  5 U.S.C. Section 552. Furthermore, this information
# //  is prohibited from disclosure under the Trade Secrets Act,
# //  18 U.S.C. Section 1905.
# //
# Loading work.test_bench
# Loading work.timer_top
# Loading work.apbSlave
# Loading work.TCR
# Loading work.ControlCounter
# Loading work.Counter64b
# Loading work.TCMP0
# Loading work.TCMP1
# Loading work.Interrupt
# Loading work.THCSR
# Loading work.mod_golden_cnt
# ** Note: (vsim-8900) Creating design debug database vsim.dbg.
# It appears vopt was not run with -debugdb option on this design.
# Advanced Causality and Schematic debug features will not be available.
# log -r /*
# run -all
# ====================================
# ==== Pat name: check reset value ===
# ====================================
# t=       275 [TB_READ]: addr=00000000 rdata=00000100
# ------------------------------------------------
# t=       275 PASS: rdata = 00000100 at addr 00000000 is correct
# ------------------------------------------------
# t=       475 [TB_READ]: addr=00000004 rdata=00000000
# ------------------------------------------------
# t=       475 PASS: rdata = 00000000 at addr 00000004 is correct
# ------------------------------------------------
# t=       675 [TB_READ]: addr=00000008 rdata=00000000
# ------------------------------------------------
# t=       675 PASS: rdata = 00000000 at addr 00000008 is correct
# ------------------------------------------------
# t=       875 [TB_READ]: addr=0000000c rdata=ffffffff
# ------------------------------------------------
# t=       875 PASS: rdata = ffffffff at addr 0000000c is correct
# ------------------------------------------------
# t=      1075 [TB_READ]: addr=00000010 rdata=ffffffff
# ------------------------------------------------
# t=      1075 PASS: rdata = ffffffff at addr 00000010 is correct
# ------------------------------------------------
# t=      1275 [TB_READ]: addr=00000014 rdata=00000000
# ------------------------------------------------
# t=      1275 PASS: rdata = 00000000 at addr 00000014 is correct
# ------------------------------------------------
# t=      1475 [TB_READ]: addr=00000018 rdata=00000000
# ------------------------------------------------
# t=      1475 PASS: rdata = 00000000 at addr 00000018 is correct
# ------------------------------------------------
# t=      1675 [TB_READ]: addr=0000001c rdata=00000000
# ------------------------------------------------
# t=      1675 PASS: rdata = 00000000 at addr 0000001c is correct
# ------------------------------------------------
# Test_result PASSED
# ** Note: $finish    : ../tb/test_bench.v(94)
#    Time: 1775 ns  Iteration: 0  Instance: /test_bench
# End time: 09:12:14 on Jun 21,2026, Elapsed time: 0:00:00
# Errors: 0, Warnings: 1
